This file contains any messages produced by compilers while
running configure, to aid debugging if configure makes a mistake.

It was created by PSS configure 1.0, which was
generated by GNU Autoconf 2.67.  Invocation command line was

  $ ./configure 

## --------- ##
## Platform. ##
## --------- ##

hostname = rohit-laptop
uname -m = i686
uname -r = 2.6.35-28-generic
uname -s = Linux
uname -v = #49-Ubuntu SMP Tue Mar 1 14:40:58 UTC 2011

/usr/bin/uname -p = unknown
/bin/uname -X     = unknown

/bin/arch              = unknown
/usr/bin/arch -k       = unknown
/usr/convex/getsysinfo = unknown
/usr/bin/hostinfo      = unknown
/bin/machine           = unknown
/usr/bin/oslevel       = unknown
/bin/universe          = unknown

PATH: /usr/local/sbin
PATH: /usr/local/bin
PATH: /usr/sbin
PATH: /usr/bin
PATH: /sbin
PATH: /bin
PATH: /usr/games
PATH: /home/rohit/bin/gsutil


## ----------- ##
## Core tests. ##
## ----------- ##

configure:1850: checking for java
configure:1866: found /usr/bin/java
configure:1877: result: java
configure:1903: checking for javac
configure:1919: found /usr/bin/javac
configure:1930: result: javac
configure:1956: checking for python
configure:1972: found /usr/bin/python
configure:1983: result: python
configure:2008: checking for mysql
configure:2024: found /usr/bin/mysql
configure:2035: result: mysql
configure:2060: checking for avrdude
configure:2076: found /usr/bin/avrdude
configure:2087: result: avrdude
configure:2113: checking for avr-gcc
configure:2129: found /usr/bin/avr-gcc
configure:2140: result: avr-gcc
configure:2209: checking for gcc
configure:2225: found /usr/bin/gcc
configure:2236: result: gcc
configure:2465: checking for C compiler version
configure:2474: gcc --version >&5
gcc (Ubuntu/Linaro 4.4.4-14ubuntu5) 4.4.5
Copyright (C) 2010 Free Software Foundation, Inc.
This is free software; see the source for copying conditions.  There is NO
warranty; not even for MERCHANTABILITY or FITNESS FOR A PARTICULAR PURPOSE.

configure:2485: $? = 0
configure:2474: gcc -v >&5
Using built-in specs.
Target: i686-linux-gnu
Configured with: ../src/configure -v --with-pkgversion='Ubuntu/Linaro 4.4.4-14ubuntu5' --with-bugurl=file:///usr/share/doc/gcc-4.4/README.Bugs --enable-languages=c,c++,fortran,objc,obj-c++ --prefix=/usr --program-suffix=-4.4 --enable-shared --enable-multiarch --enable-linker-build-id --with-system-zlib --libexecdir=/usr/lib --without-included-gettext --enable-threads=posix --with-gxx-include-dir=/usr/include/c++/4.4 --libdir=/usr/lib --enable-nls --with-sysroot=/ --enable-clocale=gnu --enable-libstdcxx-debug --enable-objc-gc --enable-targets=all --disable-werror --with-arch-32=i686 --with-tune=generic --enable-checking=release --build=i686-linux-gnu --host=i686-linux-gnu --target=i686-linux-gnu
Thread model: posix
gcc version 4.4.5 (Ubuntu/Linaro 4.4.4-14ubuntu5) 
configure:2485: $? = 0
configure:2474: gcc -V >&5
gcc: '-V' option must have argument
configure:2485: $? = 1
configure:2474: gcc -qversion >&5
gcc: unrecognized option '-qversion'
gcc: no input files
configure:2485: $? = 1
configure:2505: checking whether the C compiler works
configure:2527: gcc    conftest.c  >&5
configure:2531: $? = 0
configure:2579: result: yes
configure:2582: checking for C compiler default output file name
configure:2584: result: a.out
configure:2590: checking for suffix of executables
configure:2597: gcc -o conftest    conftest.c  >&5
configure:2601: $? = 0
configure:2623: result: 
configure:2645: checking whether we are cross compiling
configure:2653: gcc -o conftest    conftest.c  >&5
configure:2657: $? = 0
configure:2664: ./conftest
configure:2668: $? = 0
configure:2683: result: no
configure:2688: checking for suffix of object files
configure:2710: gcc -c   conftest.c >&5
configure:2714: $? = 0
configure:2735: result: o
configure:2739: checking whether we are using the GNU C compiler
configure:2758: gcc -c   conftest.c >&5
configure:2758: $? = 0
configure:2767: result: yes
configure:2776: checking whether gcc accepts -g
configure:2796: gcc -c -g  conftest.c >&5
configure:2796: $? = 0
configure:2837: result: yes
configure:2854: checking for gcc option to accept ISO C89
configure:2918: gcc  -c -g -O2  conftest.c >&5
configure:2918: $? = 0
configure:2931: result: none needed
configure:2952: checking for main in -ll
configure:2971: gcc -o conftest -g -O2   conftest.c -ll   >&5
configure:2971: $? = 0
configure:2980: result: yes
configure:2996: checking how to run the C preprocessor
configure:3027: gcc -E  conftest.c
configure:3027: $? = 0
configure:3041: gcc -E  conftest.c
conftest.c:10: fatal error: ac_nonexistent.h: No such file or directory
compilation terminated.
configure:3041: $? = 1
configure: failed program was:
| /* confdefs.h */
| #define PACKAGE_NAME "PSS"
| #define PACKAGE_TARNAME "pss"
| #define PACKAGE_VERSION "1.0"
| #define PACKAGE_STRING "PSS 1.0"
| #define PACKAGE_BUGREPORT "rohit.kumar.saraf@gmail.com"
| #define PACKAGE_URL ""
| #define HAVE_LIBL 1
| /* end confdefs.h.  */
| #include <ac_nonexistent.h>
configure:3066: result: gcc -E
configure:3086: gcc -E  conftest.c
configure:3086: $? = 0
configure:3100: gcc -E  conftest.c
conftest.c:10: fatal error: ac_nonexistent.h: No such file or directory
compilation terminated.
configure:3100: $? = 1
configure: failed program was:
| /* confdefs.h */
| #define PACKAGE_NAME "PSS"
| #define PACKAGE_TARNAME "pss"
| #define PACKAGE_VERSION "1.0"
| #define PACKAGE_STRING "PSS 1.0"
| #define PACKAGE_BUGREPORT "rohit.kumar.saraf@gmail.com"
| #define PACKAGE_URL ""
| #define HAVE_LIBL 1
| /* end confdefs.h.  */
| #include <ac_nonexistent.h>
configure:3129: checking for grep that handles long lines and -e
configure:3187: result: /bin/grep
configure:3192: checking for egrep
configure:3254: result: /bin/grep -E
configure:3259: checking for ANSI C header files
configure:3279: gcc -c -g -O2  conftest.c >&5
configure:3279: $? = 0
configure:3352: gcc -o conftest -g -O2   conftest.c -ll  >&5
configure:3352: $? = 0
configure:3352: ./conftest
configure:3352: $? = 0
configure:3363: result: yes
configure:3526: creating ./config.status

## ---------------------- ##
## Running config.status. ##
## ---------------------- ##

This file was extended by PSS config.status 1.0, which was
generated by GNU Autoconf 2.67.  Invocation command line was

  CONFIG_FILES    = 
  CONFIG_HEADERS  = 
  CONFIG_LINKS    = 
  CONFIG_COMMANDS = 
  $ ./config.status 

on rohit-laptop

config.status:739: creating Makefile

## ---------------- ##
## Cache variables. ##
## ---------------- ##

ac_cv_c_compiler_gnu=yes
ac_cv_env_CC_set=
ac_cv_env_CC_value=
ac_cv_env_CFLAGS_set=
ac_cv_env_CFLAGS_value=
ac_cv_env_CPPFLAGS_set=
ac_cv_env_CPPFLAGS_value=
ac_cv_env_CPP_set=
ac_cv_env_CPP_value=
ac_cv_env_LDFLAGS_set=
ac_cv_env_LDFLAGS_value=
ac_cv_env_LIBS_set=
ac_cv_env_LIBS_value=
ac_cv_env_build_alias_set=
ac_cv_env_build_alias_value=
ac_cv_env_host_alias_set=
ac_cv_env_host_alias_value=
ac_cv_env_target_alias_set=
ac_cv_env_target_alias_value=
ac_cv_header_stdc=yes
ac_cv_lib_l_main=yes
ac_cv_objext=o
ac_cv_path_EGREP='/bin/grep -E'
ac_cv_path_GREP=/bin/grep
ac_cv_prog_AVRDUDE=avrdude
ac_cv_prog_AVRGCC=avr-gcc
ac_cv_prog_CPP='gcc -E'
ac_cv_prog_JAVA=java
ac_cv_prog_JAVAC=javac
ac_cv_prog_MYSQL=mysql
ac_cv_prog_PYTHON=python
ac_cv_prog_ac_ct_CC=gcc
ac_cv_prog_cc_c89=
ac_cv_prog_cc_g=yes

## ----------------- ##
## Output variables. ##
## ----------------- ##

AVRDUDE='avrdude'
AVRGCC='avr-gcc'
AVRLIBC=''
CC='gcc'
CFLAGS='-g -O2'
CONFIG_PREFIX='config'
CPP='gcc -E'
CPPFLAGS=''
DEFS='-DPACKAGE_NAME=\"PSS\" -DPACKAGE_TARNAME=\"pss\" -DPACKAGE_VERSION=\"1.0\" -DPACKAGE_STRING=\"PSS\ 1.0\" -DPACKAGE_BUGREPORT=\"rohit.kumar.saraf@gmail.com\" -DPACKAGE_URL=\"\" -DHAVE_LIBL=1 -DSTDC_HEADERS=1'
ECHO_C=''
ECHO_N='-n'
ECHO_T=''
EGREP='/bin/grep -E'
EXEEXT=''
GREP='/bin/grep'
JAVA='java'
JAVAC='javac'
LDFLAGS=''
LIBOBJS=''
LIBS='-ll '
LTLIBOBJS=''
MYSQL='mysql'
OBJEXT='o'
PACKAGE_BUGREPORT='rohit.kumar.saraf@gmail.com'
PACKAGE_NAME='PSS'
PACKAGE_STRING='PSS 1.0'
PACKAGE_TARNAME='pss'
PACKAGE_URL=''
PACKAGE_VERSION='1.0'
PATH_SEPARATOR=':'
PYTHON='python'
SHELL='/bin/bash'
ac_ct_CC='gcc'
bindir='${exec_prefix}/bin'
build_alias=''
datadir='${datarootdir}'
datarootdir='${prefix}/share'
docdir='${datarootdir}/doc/${PACKAGE_TARNAME}'
dvidir='${docdir}'
exec_prefix='${prefix}'
host_alias=''
htmldir='${docdir}'
includedir='${prefix}/include'
infodir='${datarootdir}/info'
libdir='${exec_prefix}/lib'
libexecdir='${exec_prefix}/libexec'
localedir='${datarootdir}/locale'
localstatedir='${prefix}/var'
mandir='${datarootdir}/man'
oldincludedir='/usr/include'
pdfdir='${docdir}'
prefix='/usr/local'
program_transform_name='s,x,x,'
psdir='${docdir}'
sbindir='${exec_prefix}/sbin'
sharedstatedir='${prefix}/com'
sysconfdir='${prefix}/etc'
target_alias=''

## ----------- ##
## confdefs.h. ##
## ----------- ##

/* confdefs.h */
#define PACKAGE_NAME "PSS"
#define PACKAGE_TARNAME "pss"
#define PACKAGE_VERSION "1.0"
#define PACKAGE_STRING "PSS 1.0"
#define PACKAGE_BUGREPORT "rohit.kumar.saraf@gmail.com"
#define PACKAGE_URL ""
#define HAVE_LIBL 1
#define STDC_HEADERS 1

configure: exit 0
