This file contains any messages produced by compilers while
running configure, to aid debugging if configure makes a mistake.

It was created by PSS install 1.0, which was
generated by GNU Autoconf 2.67.  Invocation command line was

  $ ./install 

## --------- ##
## Platform. ##
## --------- ##

hostname = rohit-laptop
uname -m = i686
uname -r = 2.6.35-28-generic
uname -s = Linux
uname -v = #49-Ubuntu SMP Tue Mar 1 14:40:58 UTC 2011

/usr/bin/uname -p = unknown
/bin/uname -X     = unknown

/bin/arch              = unknown
/usr/bin/arch -k       = unknown
/usr/convex/getsysinfo = unknown
/usr/bin/hostinfo      = unknown
/bin/machine           = unknown
/usr/bin/oslevel       = unknown
/bin/universe          = unknown

PATH: /usr/local/sbin
PATH: /usr/local/bin
PATH: /usr/sbin
PATH: /usr/bin
PATH: /sbin
PATH: /bin
PATH: /usr/X11R6/bin


## ----------- ##
## Core tests. ##
## ----------- ##

install:1862: checking for java
install:1878: found /usr/bin/java
install:1889: result: java
install:1915: checking for javac
install:1931: found /usr/bin/javac
install:1942: result: javac
install:1968: checking for python
install:1984: found /usr/bin/python
install:1995: result: python
install:2020: checking for mysql
install:2036: found /usr/bin/mysql
install:2047: result: mysql
install:2072: checking for avrdude
install:2088: found /usr/bin/avrdude
install:2099: result: avrdude
install:2125: checking for avr-gcc
install:2141: found /usr/bin/avr-gcc
install:2152: result: avr-gcc
install:2221: checking for gcc
install:2237: found /usr/bin/gcc
install:2248: result: gcc
install:2477: checking for C compiler version
install:2486: gcc --version >&5
gcc (Ubuntu/Linaro 4.4.4-14ubuntu5) 4.4.5
Copyright (C) 2010 Free Software Foundation, Inc.
This is free software; see the source for copying conditions.  There is NO
warranty; not even for MERCHANTABILITY or FITNESS FOR A PARTICULAR PURPOSE.

install:2497: $? = 0
install:2486: gcc -v >&5
Using built-in specs.
Target: i686-linux-gnu
Configured with: ../src/configure -v --with-pkgversion='Ubuntu/Linaro 4.4.4-14ubuntu5' --with-bugurl=file:///usr/share/doc/gcc-4.4/README.Bugs --enable-languages=c,c++,fortran,objc,obj-c++ --prefix=/usr --program-suffix=-4.4 --enable-shared --enable-multiarch --enable-linker-build-id --with-system-zlib --libexecdir=/usr/lib --without-included-gettext --enable-threads=posix --with-gxx-include-dir=/usr/include/c++/4.4 --libdir=/usr/lib --enable-nls --with-sysroot=/ --enable-clocale=gnu --enable-libstdcxx-debug --enable-objc-gc --enable-targets=all --disable-werror --with-arch-32=i686 --with-tune=generic --enable-checking=release --build=i686-linux-gnu --host=i686-linux-gnu --target=i686-linux-gnu
Thread model: posix
gcc version 4.4.5 (Ubuntu/Linaro 4.4.4-14ubuntu5) 
install:2497: $? = 0
install:2486: gcc -V >&5
gcc: '-V' option must have argument
install:2497: $? = 1
install:2486: gcc -qversion >&5
gcc: unrecognized option '-qversion'
gcc: no input files
install:2497: $? = 1
install:2517: checking whether the C compiler works
install:2539: gcc    conftest.c  >&5
install:2543: $? = 0
install:2591: result: yes
install:2594: checking for C compiler default output file name
install:2596: result: a.out
install:2602: checking for suffix of executables
install:2609: gcc -o conftest    conftest.c  >&5
install:2613: $? = 0
install:2635: result: 
install:2657: checking whether we are cross compiling
install:2665: gcc -o conftest    conftest.c  >&5
install:2669: $? = 0
install:2676: ./conftest
install:2680: $? = 0
install:2695: result: no
install:2700: checking for suffix of object files
install:2722: gcc -c   conftest.c >&5
install:2726: $? = 0
install:2747: result: o
install:2751: checking whether we are using the GNU C compiler
install:2770: gcc -c   conftest.c >&5
install:2770: $? = 0
install:2779: result: yes
install:2788: checking whether gcc accepts -g
install:2808: gcc -c -g  conftest.c >&5
install:2808: $? = 0
install:2849: result: yes
install:2866: checking for gcc option to accept ISO C89
install:2930: gcc  -c -g -O2  conftest.c >&5
install:2930: $? = 0
install:2943: result: none needed
install:2964: checking for main in -ll
install:2983: gcc -o conftest -g -O2   conftest.c -ll   >&5
install:2983: $? = 0
install:2992: result: yes
install:3008: checking how to run the C preprocessor
install:3039: gcc -E  conftest.c
install:3039: $? = 0
install:3053: gcc -E  conftest.c
conftest.c:10: fatal error: ac_nonexistent.h: No such file or directory
compilation terminated.
install:3053: $? = 1
install: failed program was:
| /* confdefs.h */
| #define PACKAGE_NAME "PSS"
| #define PACKAGE_TARNAME "pss"
| #define PACKAGE_VERSION "1.0"
| #define PACKAGE_STRING "PSS 1.0"
| #define PACKAGE_BUGREPORT "rohit.kumar.saraf@gmail.com"
| #define PACKAGE_URL ""
| #define HAVE_LIBL 1
| /* end confdefs.h.  */
| #include <ac_nonexistent.h>
install:3078: result: gcc -E
install:3098: gcc -E  conftest.c
install:3098: $? = 0
install:3112: gcc -E  conftest.c
conftest.c:10: fatal error: ac_nonexistent.h: No such file or directory
compilation terminated.
install:3112: $? = 1
install: failed program was:
| /* confdefs.h */
| #define PACKAGE_NAME "PSS"
| #define PACKAGE_TARNAME "pss"
| #define PACKAGE_VERSION "1.0"
| #define PACKAGE_STRING "PSS 1.0"
| #define PACKAGE_BUGREPORT "rohit.kumar.saraf@gmail.com"
| #define PACKAGE_URL ""
| #define HAVE_LIBL 1
| /* end confdefs.h.  */
| #include <ac_nonexistent.h>
install:3141: checking for grep that handles long lines and -e
install:3199: result: /bin/grep
install:3204: checking for egrep
install:3266: result: /bin/grep -E
install:3271: checking for ANSI C header files
install:3291: gcc -c -g -O2  conftest.c >&5
install:3291: $? = 0
install:3364: gcc -o conftest -g -O2   conftest.c -ll  >&5
install:3364: $? = 0
install:3364: ./conftest
install:3364: $? = 0
install:3375: result: yes
install:3538: creating ./config.status

## ---------------------- ##
## Running config.status. ##
## ---------------------- ##

This file was extended by PSS config.status 1.0, which was
generated by GNU Autoconf 2.67.  Invocation command line was

  CONFIG_FILES    = 
  CONFIG_HEADERS  = 
  CONFIG_LINKS    = 
  CONFIG_COMMANDS = 
  $ ./config.status 

on rohit-laptop

config.status:739: creating Makefile

## ---------------- ##
## Cache variables. ##
## ---------------- ##

ac_cv_c_compiler_gnu=yes
ac_cv_env_CC_set=
ac_cv_env_CC_value=
ac_cv_env_CFLAGS_set=
ac_cv_env_CFLAGS_value=
ac_cv_env_CPPFLAGS_set=
ac_cv_env_CPPFLAGS_value=
ac_cv_env_CPP_set=
ac_cv_env_CPP_value=
ac_cv_env_LDFLAGS_set=
ac_cv_env_LDFLAGS_value=
ac_cv_env_LIBS_set=
ac_cv_env_LIBS_value=
ac_cv_env_build_alias_set=
ac_cv_env_build_alias_value=
ac_cv_env_host_alias_set=
ac_cv_env_host_alias_value=
ac_cv_env_target_alias_set=
ac_cv_env_target_alias_value=
ac_cv_header_stdc=yes
ac_cv_lib_l_main=yes
ac_cv_objext=o
ac_cv_path_EGREP='/bin/grep -E'
ac_cv_path_GREP=/bin/grep
ac_cv_prog_AVRDUDE=avrdude
ac_cv_prog_AVRGCC=avr-gcc
ac_cv_prog_CPP='gcc -E'
ac_cv_prog_JAVA=java
ac_cv_prog_JAVAC=javac
ac_cv_prog_MYSQL=mysql
ac_cv_prog_PYTHON=python
ac_cv_prog_ac_ct_CC=gcc
ac_cv_prog_cc_c89=
ac_cv_prog_cc_g=yes

## ----------------- ##
## Output variables. ##
## ----------------- ##

AVRDUDE='avrdude'
AVRGCC='avr-gcc'
AVRLIBC=''
CC='gcc'
CFLAGS='-g -O2'
CONFIG_PREFIX='config'
CPP='gcc -E'
CPPFLAGS=''
DEFS='-DPACKAGE_NAME=\"PSS\" -DPACKAGE_TARNAME=\"pss\" -DPACKAGE_VERSION=\"1.0\" -DPACKAGE_STRING=\"PSS\ 1.0\" -DPACKAGE_BUGREPORT=\"rohit.kumar.saraf@gmail.com\" -DPACKAGE_URL=\"\" -DHAVE_LIBL=1 -DSTDC_HEADERS=1'
ECHO_C=''
ECHO_N='-n'
ECHO_T=''
EGREP='/bin/grep -E'
EXEEXT=''
GREP='/bin/grep'
JAVA='java'
JAVAC='javac'
LDFLAGS=''
LIBOBJS=''
LIBS='-ll '
LTLIBOBJS=''
MYSQL='mysql'
OBJEXT='o'
PACKAGE_BUGREPORT='rohit.kumar.saraf@gmail.com'
PACKAGE_NAME='PSS'
PACKAGE_STRING='PSS 1.0'
PACKAGE_TARNAME='pss'
PACKAGE_URL=''
PACKAGE_VERSION='1.0'
PATH_SEPARATOR=':'
PYTHON='python'
SHELL='/bin/bash'
ac_ct_CC='gcc'
bindir='${exec_prefix}/bin'
build_alias=''
datadir='${datarootdir}'
datarootdir='${prefix}/share'
docdir='${datarootdir}/doc/${PACKAGE_TARNAME}'
dvidir='${docdir}'
exec_prefix='${prefix}'
host_alias=''
htmldir='${docdir}'
includedir='${prefix}/include'
infodir='${datarootdir}/info'
libdir='${exec_prefix}/lib'
libexecdir='${exec_prefix}/libexec'
localedir='${datarootdir}/locale'
localstatedir='${prefix}/var'
mandir='${datarootdir}/man'
oldincludedir='/usr/include'
pdfdir='${docdir}'
prefix='/usr/local'
program_transform_name='s,x,x,'
psdir='${docdir}'
sbindir='${exec_prefix}/sbin'
sharedstatedir='${prefix}/com'
sysconfdir='${prefix}/etc'
target_alias=''

## ----------- ##
## confdefs.h. ##
## ----------- ##

/* confdefs.h */
#define PACKAGE_NAME "PSS"
#define PACKAGE_TARNAME "pss"
#define PACKAGE_VERSION "1.0"
#define PACKAGE_STRING "PSS 1.0"
#define PACKAGE_BUGREPORT "rohit.kumar.saraf@gmail.com"
#define PACKAGE_URL ""
#define HAVE_LIBL 1
#define STDC_HEADERS 1

install: exit 0
